\BOOKMARK [0][-]{chapter.1}{\376\377\000D\000i\000r\000e\000c\000t\000o\000r\000y\000\040\000H\000i\000e\000r\000a\000r\000c\000h\000y}{}
\BOOKMARK [1][-]{section.1.1}{\376\377\000D\000i\000r\000e\000c\000t\000o\000r\000i\000e\000s}{chapter.1}
\BOOKMARK [0][-]{chapter.2}{\376\377\000F\000i\000l\000e\000\040\000I\000n\000d\000e\000x}{}
\BOOKMARK [1][-]{section.2.1}{\376\377\000F\000i\000l\000e\000\040\000L\000i\000s\000t}{chapter.2}
\BOOKMARK [0][-]{chapter.3}{\376\377\000D\000i\000r\000e\000c\000t\000o\000r\000y\000\040\000D\000o\000c\000u\000m\000e\000n\000t\000a\000t\000i\000o\000n}{}
\BOOKMARK [1][-]{section.3.1}{\376\377\000s\000r\000c\000/\000\040\000D\000i\000r\000e\000c\000t\000o\000r\000y\000\040\000R\000e\000f\000e\000r\000e\000n\000c\000e}{chapter.3}
\BOOKMARK [0][-]{chapter.4}{\376\377\000F\000i\000l\000e\000\040\000D\000o\000c\000u\000m\000e\000n\000t\000a\000t\000i\000o\000n}{}
\BOOKMARK [1][-]{section.4.1}{\376\377\000s\000r\000c\000/\000c\000o\000u\000n\000t\000e\000r\000.\000c\000\040\000F\000i\000l\000e\000\040\000R\000e\000f\000e\000r\000e\000n\000c\000e}{chapter.4}
\BOOKMARK [2][-]{subsection.4.1.1}{\376\377\000F\000u\000n\000c\000t\000i\000o\000n\000\040\000D\000o\000c\000u\000m\000e\000n\000t\000a\000t\000i\000o\000n}{section.4.1}
\BOOKMARK [3][-]{subsubsection.4.1.1.1}{\376\377\000m\000e\000a\000s\000\137\000c\000r\000e\000a\000t\000e\000\137\000c\000o\000u\000n\000t\000e\000r}{subsection.4.1.1}
\BOOKMARK [3][-]{subsubsection.4.1.1.2}{\376\377\000m\000e\000a\000s\000\137\000d\000e\000c\000\137\000c\000o\000u\000n\000t\000e\000r}{subsection.4.1.1}
\BOOKMARK [3][-]{subsubsection.4.1.1.3}{\376\377\000m\000e\000a\000s\000\137\000g\000e\000t\000\137\000c\000o\000u\000n\000t\000e\000r}{subsection.4.1.1}
\BOOKMARK [3][-]{subsubsection.4.1.1.4}{\376\377\000m\000e\000a\000s\000\137\000i\000n\000c\000\137\000c\000o\000u\000n\000t\000e\000r}{subsection.4.1.1}
\BOOKMARK [3][-]{subsubsection.4.1.1.5}{\376\377\000m\000e\000a\000s\000\137\000s\000e\000t\000\137\000c\000o\000u\000n\000t\000e\000r}{subsection.4.1.1}
\BOOKMARK [1][-]{section.4.2}{\376\377\000s\000r\000c\000/\000i\000n\000i\000t\000.\000c\000\040\000F\000i\000l\000e\000\040\000R\000e\000f\000e\000r\000e\000n\000c\000e}{chapter.4}
\BOOKMARK [2][-]{subsection.4.2.1}{\376\377\000F\000u\000n\000c\000t\000i\000o\000n\000\040\000D\000o\000c\000u\000m\000e\000n\000t\000a\000t\000i\000o\000n}{section.4.2}
\BOOKMARK [3][-]{subsubsection.4.2.1.1}{\376\377\000\137\000\137\000a\000t\000t\000r\000i\000b\000u\000t\000e\000\137\000\137}{subsection.4.2.1}
\BOOKMARK [3][-]{subsubsection.4.2.1.2}{\376\377\000\137\000\137\000a\000t\000t\000r\000i\000b\000u\000t\000e\000\137\000\137}{subsection.4.2.1}
\BOOKMARK [3][-]{subsubsection.4.2.1.3}{\376\377\000m\000e\000a\000s\000\137\000c\000l\000o\000s\000e}{subsection.4.2.1}
\BOOKMARK [3][-]{subsubsection.4.2.1.4}{\376\377\000m\000e\000a\000s\000\137\000i\000n\000i\000t}{subsection.4.2.1}
\BOOKMARK [1][-]{section.4.3}{\376\377\000s\000r\000c\000/\000l\000i\000n\000k\000e\000d\000l\000.\000c\000\040\000F\000i\000l\000e\000\040\000R\000e\000f\000e\000r\000e\000n\000c\000e}{chapter.4}
\BOOKMARK [2][-]{subsection.4.3.1}{\376\377\000F\000u\000n\000c\000t\000i\000o\000n\000\040\000D\000o\000c\000u\000m\000e\000n\000t\000a\000t\000i\000o\000n}{section.4.3}
\BOOKMARK [3][-]{subsubsection.4.3.1.1}{\376\377\000l\000l\000i\000s\000t\000\137\000a\000d\000d}{subsection.4.3.1}
\BOOKMARK [3][-]{subsubsection.4.3.1.2}{\376\377\000l\000l\000i\000s\000t\000\137\000c\000r\000e\000a\000t\000e}{subsection.4.3.1}
\BOOKMARK [3][-]{subsubsection.4.3.1.3}{\376\377\000l\000l\000i\000s\000t\000\137\000d\000e\000s\000t\000r\000o\000y}{subsection.4.3.1}
\BOOKMARK [3][-]{subsubsection.4.3.1.4}{\376\377\000l\000l\000i\000s\000t\000\137\000i\000n\000d\000e\000x}{subsection.4.3.1}
\BOOKMARK [3][-]{subsubsection.4.3.1.5}{\376\377\000l\000l\000i\000s\000t\000\137\000l\000e\000n\000g\000t\000h}{subsection.4.3.1}
\BOOKMARK [3][-]{subsubsection.4.3.1.6}{\376\377\000l\000l\000i\000s\000t\000\137\000n\000t\000h}{subsection.4.3.1}
\BOOKMARK [3][-]{subsubsection.4.3.1.7}{\376\377\000l\000l\000i\000s\000t\000\137\000r\000e\000m\000o\000v\000e}{subsection.4.3.1}
\BOOKMARK [3][-]{subsubsection.4.3.1.8}{\376\377\000l\000l\000i\000s\000t\000\137\000r\000e\000m\000o\000v\000e\000\137\000n\000t\000h}{subsection.4.3.1}
\BOOKMARK [1][-]{section.4.4}{\376\377\000s\000r\000c\000/\000r\000e\000p\000o\000r\000t\000.\000c\000\040\000F\000i\000l\000e\000\040\000R\000e\000f\000e\000r\000e\000n\000c\000e}{chapter.4}
\BOOKMARK [2][-]{subsection.4.4.1}{\376\377\000D\000e\000f\000i\000n\000e\000\040\000D\000o\000c\000u\000m\000e\000n\000t\000a\000t\000i\000o\000n}{section.4.4}
\BOOKMARK [3][-]{subsubsection.4.4.1.1}{\376\377\000T\000E\000X\000T\000B\000U\000F\000F\000E\000R\000\137\000S\000I\000Z\000E}{subsection.4.4.1}
\BOOKMARK [2][-]{subsection.4.4.2}{\376\377\000F\000u\000n\000c\000t\000i\000o\000n\000\040\000D\000o\000c\000u\000m\000e\000n\000t\000a\000t\000i\000o\000n}{section.4.4}
\BOOKMARK [3][-]{subsubsection.4.4.2.1}{\376\377\000m\000e\000a\000s\000\137\000g\000e\000n\000e\000r\000a\000t\000e\000\137\000r\000e\000p\000o\000r\000t}{subsection.4.4.2}
\BOOKMARK [3][-]{subsubsection.4.4.2.2}{\376\377\000m\000e\000a\000s\000\137\000w\000r\000i\000t\000e\000\137\000r\000e\000p\000o\000r\000t}{subsection.4.4.2}
\BOOKMARK [1][-]{section.4.5}{\376\377\000s\000r\000c\000/\000r\000e\000s\000o\000u\000r\000c\000e\000s\000.\000c\000\040\000F\000i\000l\000e\000\040\000R\000e\000f\000e\000r\000e\000n\000c\000e}{chapter.4}
\BOOKMARK [2][-]{subsection.4.5.1}{\376\377\000F\000u\000n\000c\000t\000i\000o\000n\000\040\000D\000o\000c\000u\000m\000e\000n\000t\000a\000t\000i\000o\000n}{section.4.5}
\BOOKMARK [3][-]{subsubsection.4.5.1.1}{\376\377\000m\000e\000a\000s\000\137\000g\000e\000t\000\137\000b\000l\000k\000i\000n\000p\000u\000t}{subsection.4.5.1}
\BOOKMARK [3][-]{subsubsection.4.5.1.2}{\376\377\000m\000e\000a\000s\000\137\000g\000e\000t\000\137\000b\000l\000k\000o\000u\000t\000p\000u\000t}{subsection.4.5.1}
\BOOKMARK [3][-]{subsubsection.4.5.1.3}{\376\377\000m\000e\000a\000s\000\137\000g\000e\000t\000\137\000c\000s\000w\000i\000t\000c\000h\000e\000s}{subsection.4.5.1}
\BOOKMARK [3][-]{subsubsection.4.5.1.4}{\376\377\000m\000e\000a\000s\000\137\000g\000e\000t\000\137\000d\000a\000t\000a\000s\000e\000c}{subsection.4.5.1}
\BOOKMARK [3][-]{subsubsection.4.5.1.5}{\376\377\000m\000e\000a\000s\000\137\000g\000e\000t\000\137\000n\000s\000i\000g\000n\000a\000l\000s}{subsection.4.5.1}
\BOOKMARK [3][-]{subsubsection.4.5.1.6}{\376\377\000m\000e\000a\000s\000\137\000g\000e\000t\000\137\000n\000s\000w\000a\000p}{subsection.4.5.1}
\BOOKMARK [3][-]{subsubsection.4.5.1.7}{\376\377\000m\000e\000a\000s\000\137\000g\000e\000t\000\137\000p\000a\000g\000e\000f\000a\000u\000l\000t}{subsection.4.5.1}
\BOOKMARK [3][-]{subsubsection.4.5.1.8}{\376\377\000m\000e\000a\000s\000\137\000g\000e\000t\000\137\000s\000h\000a\000r\000e\000d\000\137\000m\000e\000m}{subsection.4.5.1}
\BOOKMARK [3][-]{subsubsection.4.5.1.9}{\376\377\000m\000e\000a\000s\000\137\000g\000e\000t\000\137\000s\000t\000a\000c\000k}{subsection.4.5.1}
\BOOKMARK [3][-]{subsubsection.4.5.1.10}{\376\377\000m\000e\000a\000s\000\137\000g\000e\000t\000\137\000s\000t\000i\000m\000e}{subsection.4.5.1}
\BOOKMARK [3][-]{subsubsection.4.5.1.11}{\376\377\000m\000e\000a\000s\000\137\000g\000e\000t\000\137\000u\000t\000i\000m\000e}{subsection.4.5.1}
\BOOKMARK [1][-]{section.4.6}{\376\377\000s\000r\000c\000/\000t\000i\000m\000e\000.\000c\000\040\000F\000i\000l\000e\000\040\000R\000e\000f\000e\000r\000e\000n\000c\000e}{chapter.4}
\BOOKMARK [2][-]{subsection.4.6.1}{\376\377\000D\000e\000f\000i\000n\000e\000\040\000D\000o\000c\000u\000m\000e\000n\000t\000a\000t\000i\000o\000n}{section.4.6}
\BOOKMARK [3][-]{subsubsection.4.6.1.1}{\376\377\000S\000Y\000S\000\137\000g\000e\000t\000j\000i\000f\000f\000i\000e\000s}{subsection.4.6.1}
\BOOKMARK [2][-]{subsection.4.6.2}{\376\377\000F\000u\000n\000c\000t\000i\000o\000n\000\040\000D\000o\000c\000u\000m\000e\000n\000t\000a\000t\000i\000o\000n}{section.4.6}
\BOOKMARK [3][-]{subsubsection.4.6.2.1}{\376\377\000m\000e\000a\000s\000\137\000s\000t\000a\000r\000t\000\137\000c\000l\000o\000c\000k}{subsection.4.6.2}
\BOOKMARK [3][-]{subsubsection.4.6.2.2}{\376\377\000m\000e\000a\000s\000\137\000s\000t\000o\000p\000\137\000c\000l\000o\000c\000k}{subsection.4.6.2}
